<?xml version="1.0" encoding="UTF-8"?>
<testsuite name="PuzzleTest" tests="1" skipped="0" failures="0" errors="0" timestamp="2016-04-22T15:43:13" hostname="epicodus-117.local" time="0.001">
  <properties/>
  <testcase name="runReplaceVowels_replaceVowelsWithDash_WordPuzzle" classname="PuzzleTest" time="0.001"/>
  <system-out><![CDATA[]]></system-out>
  <system-err><![CDATA[]]></system-err>
</testsuite>
